<?xml version="1.0" encoding="UTF-8"?>
<testsuite name="Server.BaseStationServerStuff.BaseStationConnectionServerTest" tests="1" skipped="0" failures="0" errors="0" timestamp="2017-06-07T14:40:08" hostname="dyn1172-220.wlan.ic.ac.uk" time="0.117">
  <properties/>
  <testcase name="serverShouldRunAndReceiveReading" classname="Server.BaseStationServerStuff.BaseStationConnectionServerTest" time="0.117"/>
  <system-out><![CDATA[]]></system-out>
  <system-err><![CDATA[Jun 07, 2017 3:40:08 PM org.glassfish.grizzly.http.server.NetworkListener shutdownNow
INFO: Stopped listener bound to [localhost:8080]
Jun 07, 2017 3:40:08 PM org.glassfish.grizzly.http.server.NetworkListener start
INFO: Started listener bound to [localhost:8080]
Jun 07, 2017 3:40:08 PM org.glassfish.grizzly.http.server.HttpServer start
INFO: [HttpServer-1] Started.
Jun 07, 2017 3:40:08 PM org.glassfish.grizzly.http.server.NetworkListener shutdownNow
INFO: Stopped listener bound to [localhost:8080]
]]></system-err>
</testsuite>
