<?xml version="1.0" encoding="UTF-8"?>
<testsuite name="BaseStation.SensorReadingSenderTest" tests="2" skipped="0" failures="0" errors="0" timestamp="2017-06-05T16:02:19" hostname="dyn1168-175.wlan.ic.ac.uk" time="3.595">
  <properties/>
  <testcase name="invalidURLShouldReturnFalseWhenMessageSent" classname="BaseStation.SensorReadingSenderTest" time="0.177"/>
  <testcase name="validURLShouldReturnTrueWhenMessageSent" classname="BaseStation.SensorReadingSenderTest" time="3.417"/>
  <system-out><![CDATA[here's a message
]]></system-out>
  <system-err><![CDATA[Jun 05, 2017 5:02:20 PM org.glassfish.grizzly.http.server.NetworkListener start
INFO: Started listener bound to [localhost:8080]
Jun 05, 2017 5:02:20 PM org.glassfish.grizzly.http.server.HttpServer start
INFO: [HttpServer] Started.
]]></system-err>
</testsuite>
