<?xml version="1.0" encoding="UTF-8"?>
<testsuite name="BaseStation.BaseStationManagerTest" tests="1" skipped="0" failures="0" errors="0" timestamp="2017-06-05T16:01:46" hostname="dyn1168-175.wlan.ic.ac.uk" time="11.903">
  <properties/>
  <testcase name="shouldTakeProducerAndSenderAndAHandlerAndAllowToWork" classname="BaseStation.BaseStationManagerTest" time="11.903"/>
  <system-out><![CDATA[]]></system-out>
  <system-err><![CDATA[]]></system-err>
</testsuite>
