<?xml version="1.0" encoding="UTF-8"?>
<testsuite name="Server.BaseStationServerStuff.SensorReadingParserTest" tests="3" skipped="0" failures="0" errors="0" timestamp="2017-06-06T15:09:24" hostname="dyn1173-78.wlan.ic.ac.uk" time="0.007">
  <properties/>
  <testcase name="shouldGetTimeForReading" classname="Server.BaseStationServerStuff.SensorReadingParserTest" time="0.004"/>
  <testcase name="shouldGetTimestampAndDoubleAndStringFields" classname="Server.BaseStationServerStuff.SensorReadingParserTest" time="0.002"/>
  <testcase name="shouldGetTimestampAndSingleField" classname="Server.BaseStationServerStuff.SensorReadingParserTest" time="0.001"/>
  <system-out><![CDATA[]]></system-out>
  <system-err><![CDATA[]]></system-err>
</testsuite>
