<?xml version="1.0" encoding="UTF-8"?>
<testsuite name="Server.DatabaseStuff.DatabaseEntrySetTest" tests="5" skipped="0" failures="0" errors="0" timestamp="2017-06-06T15:09:24" hostname="dyn1173-78.wlan.ic.ac.uk" time="0.005">
  <properties/>
  <testcase name="tryingToAccessNonExistentElementShouldThrowException" classname="Server.DatabaseStuff.DatabaseEntrySetTest" time="0.002"/>
  <testcase name="setsWithSameEntriesShouldBeEqual" classname="Server.DatabaseStuff.DatabaseEntrySetTest" time="0.0"/>
  <testcase name="shouldBeAbleToAddEntriesAndGetThemOut" classname="Server.DatabaseStuff.DatabaseEntrySetTest" time="0.001"/>
  <testcase name="shouldReturnCorrectSize" classname="Server.DatabaseStuff.DatabaseEntrySetTest" time="0.001"/>
  <testcase name="shouldBeAbleToJoinTwoEntrySets" classname="Server.DatabaseStuff.DatabaseEntrySetTest" time="0.0"/>
  <system-out><![CDATA[]]></system-out>
  <system-err><![CDATA[]]></system-err>
</testsuite>
