<?xml version="1.0" encoding="UTF-8"?>
<testsuite name="BaseStation.ReadingEncryptorTest" tests="1" skipped="0" failures="0" errors="0" timestamp="2017-06-05T16:01:58" hostname="dyn1168-175.wlan.ic.ac.uk" time="0.206">
  <properties/>
  <testcase name="shouldEncryptSimpleMessage" classname="BaseStation.ReadingEncryptorTest" time="0.206"/>
  <system-out><![CDATA[]]></system-out>
  <system-err><![CDATA[]]></system-err>
</testsuite>
