<?xml version="1.0" encoding="UTF-8"?>
<testsuite name="Server.BaseStationServerStuff.SensorReadingParserTest" tests="3" skipped="0" failures="0" errors="0" timestamp="2017-06-05T16:02:23" hostname="dyn1168-175.wlan.ic.ac.uk" time="0.003">
  <properties/>
  <testcase name="shouldGetTimeForReading" classname="Server.BaseStationServerStuff.SensorReadingParserTest" time="0.001"/>
  <testcase name="shouldGetTimestampAndDoubleAndStringFields" classname="Server.BaseStationServerStuff.SensorReadingParserTest" time="0.001"/>
  <testcase name="shouldGetTimestampAndSingleField" classname="Server.BaseStationServerStuff.SensorReadingParserTest" time="0.0"/>
  <system-out><![CDATA[]]></system-out>
  <system-err><![CDATA[]]></system-err>
</testsuite>
