<?xml version="1.0" encoding="UTF-8"?>
<testsuite name="BaseStation.SensorReadingProducerTest" tests="2" skipped="0" failures="0" errors="0" timestamp="2017-06-05T16:01:59" hostname="dyn1168-175.wlan.ic.ac.uk" time="20.184">
  <properties/>
  <testcase name="shouldBeAbleToReadFromSerialPortAndGetAnEntry" classname="BaseStation.SensorReadingProducerTest" time="20.179"/>
  <testcase name="shouldBeAbleToFindSerialPortDeviceFile" classname="BaseStation.SensorReadingProducerTest" time="0.004"/>
  <system-out><![CDATA[]]></system-out>
  <system-err><![CDATA[]]></system-err>
</testsuite>
